#
# There is insufficient memory for the Java Runtime Environment to continue.
# Native memory allocation (mmap) failed to map 266338304 bytes for G1 virtual space
# Possible reasons:
#   The system is out of physical RAM or swap space
#   The process is running with CompressedOops enabled, and the Java Heap may be blocking the growth of the native heap
# Possible solutions:
#   Reduce memory load on the system
#   Increase physical memory or swap space
#   Check if swap backing store is full
#   Decrease Java heap size (-Xmx/-Xms)
#   Decrease number of Java threads
#   Decrease Java thread stack sizes (-Xss)
#   Set larger code cache with -XX:ReservedCodeCacheSize=
#   JVM is running with Zero Based Compressed Oops mode in which the Java heap is
#     placed in the first 32GB address space. The Java Heap base address is the
#     maximum limit for the native heap growth. Please use -XX:HeapBaseMinAddress
#     to set the Java Heap base and to place the Java Heap above 32GB virtual address.
# This output file may be truncated or incomplete.
#
#  Out of Memory Error (os_windows.cpp:3469), pid=18172, tid=13252
#
# JRE version:  (17.0.1+12) (build )
# Java VM: Java HotSpot(TM) 64-Bit Server VM (17.0.1+12-LTS-39, mixed mode, sharing, tiered, compressed oops, compressed class ptrs, g1 gc, windows-amd64)
# No core dump will be written. Minidumps are not enabled by default on client versions of Windows
#

---------------  S U M M A R Y ------------

Command Line: -Dfile.encoding=UTF-8 --module-path=D:\4th Semester\JAVA\Project\Hospital Management System\build\classes addDiagnosisinformation

Host: Intel(R) Core(TM) i5-7300U CPU @ 2.60GHz, 4 cores, 15G,  Windows 10 , 64 bit Build 19041 (10.0.19041.1566)
Time: Mon Apr  4 13:14:29 2022 Pakistan Standard Time elapsed time: 0.014623 seconds (0d 0h 0m 0s)

---------------  T H R E A D  ---------------

Current thread (0x0000014aa97cceb0):  JavaThread "Unknown thread" [_thread_in_vm, id=13252, stack(0x00000040bb600000,0x00000040bb700000)]

Stack: [0x00000040bb600000,0x00000040bb700000]
Native frames: (J=compiled Java code, j=interpreted, Vv=VM code, C=native code)
V  [jvm.dll+0x66fa1a]
V  [jvm.dll+0x7ce5a4]
V  [jvm.dll+0x7cfd4e]
V  [jvm.dll+0x7d03b3]
V  [jvm.dll+0x242b05]
V  [jvm.dll+0x66ca39]
V  [jvm.dll+0x661502]
V  [jvm.dll+0x30081b]
V  [jvm.dll+0x307da6]
V  [jvm.dll+0x357a1e]
V  [jvm.dll+0x357c4f]
V  [jvm.dll+0x2d7ad8]
V  [jvm.dll+0x2d8a44]
V  [jvm.dll+0x7a01e1]
V  [jvm.dll+0x365791]
V  [jvm.dll+0x77f6cc]
V  [jvm.dll+0x3e812f]
V  [jvm.dll+0x3e9bd1]
C  [jli.dll+0x527b]
C  [ucrtbase.dll+0x21bb2]
C  [KERNEL32.DLL+0x17034]
C  [ntdll.dll+0x52651]


---------------  P R O C E S S  ---------------

Threads class SMR info:
_java_thread_list=0x00007ffc76d47818, length=0, elements={
}

Java Threads: ( => current thread )

Other Threads:
  0x0000014aa9819ea0 GCTaskThread "GC Thread#0" [stack: 0x00000040bb700000,0x00000040bb800000] [id=6772]
  0x0000014aa982caa0 ConcurrentGCThread "G1 Main Marker" [stack: 0x00000040bb800000,0x00000040bb900000] [id=17228]
  0x0000014aa982db60 ConcurrentGCThread "G1 Conc#0" [stack: 0x00000040bb900000,0x00000040bba00000] [id=17672]

[error occurred during error reporting (printing all threads), id 0xc0000005, EXCEPTION_ACCESS_VIOLATION (0xc0000005) at pc=0x00007ffc765984b7]

VM state: not at safepoint (not fully initialized)

VM Mutex/Monitor currently owned by a thread:  ([mutex/lock_event])
[0x0000014aa97c9130] Heap_lock - owner thread: 0x0000014aa97cceb0

Heap address: 0x0000000702600000, size: 4058 MB, Compressed Oops mode: Zero based, Oop shift amount: 3

CDS archive(s) mapped at: [0x0000000000000000-0x0000000000000000-0x0000000000000000), size 0, SharedBaseAddress: 0x0000000800000000, ArchiveRelocationMode: 0.
Narrow klass base: 0x0000000000000000, Narrow klass shift: 0, Narrow klass range: 0x0

GC Precious Log:
<Empty>

Heap:
 garbage-first heap   total 0K, used 0K [0x0000000702600000, 0x0000000800000000)
  region size 2048K, 0 young (0K), 0 survivors (0K)

[error occurred during error reporting (printing heap information), id 0xc0000005, EXCEPTION_ACCESS_VIOLATION (0xc0000005) at pc=0x00007ffc76978d89]

GC Heap History (0 events):
No events

Deoptimization events (0 events):
No events

Classes unloaded (0 events):
No events

Classes redefined (0 events):
No events

Internal exceptions (0 events):
No events

VM Operations (0 events):
No events

Events (1 events):
Event: 0.008 Loaded shared library C:\Program Files\Java\jdk-17.0.1\bin\java.dll


Dynamic libraries:
0x00007ff7a8fd0000 - 0x00007ff7a8fe0000 	C:\Program Files\Java\jdk-17.0.1\bin\java.exe
0x00007ffcefa50000 - 0x00007ffcefc45000 	C:\Windows\SYSTEM32\ntdll.dll
0x00007ffcee4d0000 - 0x00007ffcee58e000 	C:\Windows\System32\KERNEL32.DLL
0x00007ffced4a0000 - 0x00007ffced768000 	C:\Windows\System32\KERNELBASE.dll
0x00007ffced3a0000 - 0x00007ffced4a0000 	C:\Windows\System32\ucrtbase.dll
0x00007ffce6f80000 - 0x00007ffce6f9a000 	C:\Program Files\Java\jdk-17.0.1\bin\VCRUNTIME140.dll
0x00007ffcdbb50000 - 0x00007ffcdbb68000 	C:\Program Files\Java\jdk-17.0.1\bin\jli.dll
0x00007ffcee410000 - 0x00007ffcee4be000 	C:\Windows\System32\ADVAPI32.dll
0x00007ffceee90000 - 0x00007ffceef2e000 	C:\Windows\System32\msvcrt.dll
0x00007ffcef050000 - 0x00007ffcef0ec000 	C:\Windows\System32\sechost.dll
0x00007ffcedc50000 - 0x00007ffcedd75000 	C:\Windows\System32\RPCRT4.dll
0x00007ffcedab0000 - 0x00007ffcedc50000 	C:\Windows\System32\USER32.dll
0x00007ffced170000 - 0x00007ffced192000 	C:\Windows\System32\win32u.dll
0x00007ffcedd90000 - 0x00007ffceddbb000 	C:\Windows\System32\GDI32.dll
0x00007ffced7c0000 - 0x00007ffced8cb000 	C:\Windows\System32\gdi32full.dll
0x00007ffceda10000 - 0x00007ffcedaad000 	C:\Windows\System32\msvcp_win.dll
0x00007ffcd85a0000 - 0x00007ffcd883a000 	C:\Windows\WinSxS\amd64_microsoft.windows.common-controls_6595b64144ccf1df_6.0.19041.1110_none_60b5254171f9507e\COMCTL32.dll
0x00007ffce1ae0000 - 0x00007ffce1aea000 	C:\Windows\SYSTEM32\VERSION.dll
0x00007ffceeaf0000 - 0x00007ffceeb20000 	C:\Windows\System32\IMM32.DLL
0x00007ffce6f50000 - 0x00007ffce6f5c000 	C:\Program Files\Java\jdk-17.0.1\bin\vcruntime140_1.dll
0x00007ffc9af10000 - 0x00007ffc9af9d000 	C:\Program Files\Java\jdk-17.0.1\bin\msvcp140.dll
0x00007ffc762b0000 - 0x00007ffc76e6e000 	C:\Program Files\Java\jdk-17.0.1\bin\server\jvm.dll
0x00007ffcedd80000 - 0x00007ffcedd88000 	C:\Windows\System32\PSAPI.DLL
0x00007ffce6fa0000 - 0x00007ffce6fa9000 	C:\Windows\SYSTEM32\WSOCK32.dll
0x00007ffceee20000 - 0x00007ffceee8b000 	C:\Windows\System32\WS2_32.dll
0x00007ffccecd0000 - 0x00007ffccecf7000 	C:\Windows\SYSTEM32\WINMM.dll
0x00007ffceb9d0000 - 0x00007ffceb9e2000 	C:\Windows\SYSTEM32\kernel.appcore.dll
0x00007ffce5240000 - 0x00007ffce524a000 	C:\Program Files\Java\jdk-17.0.1\bin\jimage.dll
0x00007ffce7ef0000 - 0x00007ffce80d4000 	C:\Windows\SYSTEM32\DBGHELP.DLL
0x00007ffcd3d30000 - 0x00007ffcd3d5c000 	C:\Windows\SYSTEM32\dbgcore.DLL
0x00007ffced980000 - 0x00007ffceda02000 	C:\Windows\System32\bcryptPrimitives.dll
0x00007ffcdbc50000 - 0x00007ffcdbc75000 	C:\Program Files\Java\jdk-17.0.1\bin\java.dll

dbghelp: loaded successfully - version: 4.0.5 - missing functions: none
symbol engine: initialized successfully - sym options: 0x614 - pdb path: .;C:\Program Files\Java\jdk-17.0.1\bin;C:\Windows\SYSTEM32;C:\Windows\WinSxS\amd64_microsoft.windows.common-controls_6595b64144ccf1df_6.0.19041.1110_none_60b5254171f9507e;C:\Program Files\Java\jdk-17.0.1\bin\server

VM Arguments:
jvm_args: -Dfile.encoding=UTF-8 --module-path=D:\4th Semester\JAVA\Project\Hospital Management System\build\classes 
java_command: addDiagnosisinformation
java_class_path (initial): C:\Program Files\NetBeans-12.6\netbeans\java\modules\ext\AbsoluteLayout.jar;D:\4th Semester\JAVA\JDBC\sqljdbc_10.2\enu\mssql-jdbc-10.2.0.jre17.jar;D:\important files\rs2xml.jar;D:\4th Semester\JAVA\Project\Hospital Management System\build\classes
Launcher Type: SUN_STANDARD

[Global flags]
     intx CICompilerCount                          = 3                                         {product} {ergonomic}
     uint ConcGCThreads                            = 1                                         {product} {ergonomic}
     uint G1ConcRefinementThreads                  = 4                                         {product} {ergonomic}
   size_t G1HeapRegionSize                         = 2097152                                   {product} {ergonomic}
    uintx GCDrainStackTargetSize                   = 64                                        {product} {ergonomic}
   size_t InitialHeapSize                          = 266338304                                 {product} {ergonomic}
   size_t MarkStackSize                            = 4194304                                   {product} {ergonomic}
   size_t MaxHeapSize                              = 4255121408                                {product} {ergonomic}
   size_t MinHeapDeltaBytes                        = 2097152                                   {product} {ergonomic}
   size_t MinHeapSize                              = 8388608                                   {product} {ergonomic}
    uintx NonNMethodCodeHeapSize                   = 5832780                                {pd product} {ergonomic}
    uintx NonProfiledCodeHeapSize                  = 122912730                              {pd product} {ergonomic}
    uintx ProfiledCodeHeapSize                     = 122912730                              {pd product} {ergonomic}
    uintx ReservedCodeCacheSize                    = 251658240                              {pd product} {ergonomic}
     bool SegmentedCodeCache                       = true                                      {product} {ergonomic}
   size_t SoftMaxHeapSize                          = 4255121408                             {manageable} {ergonomic}
     bool UseCompressedClassPointers               = true                           {product lp64_product} {ergonomic}
     bool UseCompressedOops                        = true                           {product lp64_product} {ergonomic}
     bool UseG1GC                                  = true                                      {product} {ergonomic}
     bool UseLargePagesIndividualAllocation        = false                                  {pd product} {ergonomic}

Logging:
Log output configuration:
 #0: stdout all=warning uptime,level,tags
 #1: stderr all=off uptime,level,tags

Environment Variables:
JAVA_HOME=C:\Program Files\Java\jdk-17.0.1
PATH=C:\Program Files\Common Files\Oracle\Java\javapath;C:\Program Files\Microsoft MPI\Bin\;C:\Python\Python310\Scripts\;C:\Python\Python310\;C:\Windows\system32;C:\Windows;C:\Windows\System32\Wbem;C:\Windows\System32\WindowsPowerShell\v1.0\;C:\Windows\System32\OpenSSH\;C:\Users\ctrend.pk\AppData\Local\Programs\Python\Python310;C:\Users\ctrend.pk\AppData\Local\Programs\Python\Python310;C:\Users\ctrend.pk\AppData\Local\Programs\Python\Python310\Scripts;C:\Program Files (x86)\Microsoft SQL Server\150\DTS\Binn\;C:\Program Files (x86)\Microsoft SQL Server\150\Tools\Binn\;C:\Program Files\Microsoft SQL Server\150\Tools\Binn\;C:\Program Files\Microsoft SQL Server\150\DTS\Binn\;C:\Program Files\Microsoft SQL Server\Client SDK\ODBC\170\Tools\Binn\;C:\Program Files\Azure Data Studio\bin;C:\Program Files\Java\jdk-17.0.1\bin;C:\Users\ctrend.pk\AppData\Local\Programs\Python\Python310\Scripts\;C:\Users\ctrend.pk\AppData\Local\Programs\Python\Python310\;C:\Users\ctrend.pk\AppData\Local\Microsoft\WindowsApps;;C:\Program Files\Azure Data Studio\bin;C:\Program Files\Azure Data Studio\bin
USERNAME=ctrend.pk
OS=Windows_NT
PROCESSOR_IDENTIFIER=Intel64 Family 6 Model 142 Stepping 9, GenuineIntel



---------------  S Y S T E M  ---------------

OS:
 Windows 10 , 64 bit Build 19041 (10.0.19041.1566)
OS uptime: 5 days 18:15 hours
Hyper-V role detected

CPU: total 4 (initial active 4) (2 cores per cpu, 2 threads per core) family 6 model 142 stepping 9 microcode 0xb4, cx8, cmov, fxsr, ht, mmx, 3dnowpref, sse, sse2, sse3, ssse3, sse4.1, sse4.2, popcnt, lzcnt, tsc, tscinvbit, avx, avx2, aes, erms, clmul, bmi1, bmi2, rtm, adx, fma, vzeroupper, clflush, clflushopt, hv

Memory: 4k page, system-wide physical 16228M (5606M free)
TotalPageFile size 29037M (AvailPageFile size 67M)
current process WorkingSet (physical memory assigned to process): 10M, peak: 10M
current process commit charge ("private bytes"): 51M, peak: 305M

vm_info: Java HotSpot(TM) 64-Bit Server VM (17.0.1+12-LTS-39) for windows-amd64 JRE (17.0.1+12-LTS-39), built on Sep 27 2021 18:41:35 by "mach5one" with MS VC++ 16.8 (VS2019)

END.
